16-Apr-2020 13:51:17.484 信息 [main] org.apache.catalina.startup.VersionLoggerListener.log Server version:        Apache Tomcat/8.0.50
16-Apr-2020 13:51:17.640 信息 [main] org.apache.catalina.startup.VersionLoggerListener.log Server built:          Feb 7 2018 20:06:05 UTC
16-Apr-2020 13:51:17.644 信息 [main] org.apache.catalina.startup.VersionLoggerListener.log Server number:         8.0.50.0
16-Apr-2020 13:51:17.647 信息 [main] org.apache.catalina.startup.VersionLoggerListener.log OS Name:               Windows 7
16-Apr-2020 13:51:17.652 信息 [main] org.apache.catalina.startup.VersionLoggerListener.log OS Version:            6.1
16-Apr-2020 13:51:17.656 信息 [main] org.apache.catalina.startup.VersionLoggerListener.log Architecture:          amd64
16-Apr-2020 13:51:17.660 信息 [main] org.apache.catalina.startup.VersionLoggerListener.log Java Home:             C:\Java\jdk1.8.0_131\jre
16-Apr-2020 13:51:17.662 信息 [main] org.apache.catalina.startup.VersionLoggerListener.log JVM Version:           1.8.0_131-b11
16-Apr-2020 13:51:17.664 信息 [main] org.apache.catalina.startup.VersionLoggerListener.log JVM Vendor:            Oracle Corporation
16-Apr-2020 13:51:19.004 信息 [main] org.apache.catalina.startup.VersionLoggerListener.log CATALINA_BASE:         F:\java\lianxi\javawebtest\apache-tomcat-8.0.50
16-Apr-2020 13:51:19.009 信息 [main] org.apache.catalina.startup.VersionLoggerListener.log CATALINA_HOME:         F:\java\lianxi\javawebtest\apache-tomcat-8.0.50
16-Apr-2020 13:51:19.017 信息 [main] org.apache.catalina.startup.VersionLoggerListener.log Command line argument: -Djava.util.logging.config.file=F:\java\lianxi\javawebtest\apache-tomcat-8.0.50\conf\logging.properties
16-Apr-2020 13:51:19.023 信息 [main] org.apache.catalina.startup.VersionLoggerListener.log Command line argument: -Djava.util.logging.manager=org.apache.juli.ClassLoaderLogManager
16-Apr-2020 13:51:19.028 信息 [main] org.apache.catalina.startup.VersionLoggerListener.log Command line argument: -Djdk.tls.ephemeralDHKeySize=2048
16-Apr-2020 13:51:19.034 信息 [main] org.apache.catalina.startup.VersionLoggerListener.log Command line argument: -Djava.protocol.handler.pkgs=org.apache.catalina.webresources
16-Apr-2020 13:51:19.040 信息 [main] org.apache.catalina.startup.VersionLoggerListener.log Command line argument: -Dignore.endorsed.dirs=
16-Apr-2020 13:51:19.042 信息 [main] org.apache.catalina.startup.VersionLoggerListener.log Command line argument: -Dcatalina.base=F:\java\lianxi\javawebtest\apache-tomcat-8.0.50
16-Apr-2020 13:51:19.044 信息 [main] org.apache.catalina.startup.VersionLoggerListener.log Command line argument: -Dcatalina.home=F:\java\lianxi\javawebtest\apache-tomcat-8.0.50
16-Apr-2020 13:51:19.047 信息 [main] org.apache.catalina.startup.VersionLoggerListener.log Command line argument: -Djava.io.tmpdir=F:\java\lianxi\javawebtest\apache-tomcat-8.0.50\temp
16-Apr-2020 13:51:19.051 信息 [main] org.apache.catalina.core.AprLifecycleListener.lifecycleEvent Loaded APR based Apache Tomcat Native library 1.2.16 using APR version 1.6.3.
16-Apr-2020 13:51:19.053 信息 [main] org.apache.catalina.core.AprLifecycleListener.lifecycleEvent APR capabilities: IPv6 [true], sendfile [true], accept filters [false], random [true].
16-Apr-2020 13:51:20.076 信息 [main] org.apache.catalina.core.AprLifecycleListener.initializeSSL OpenSSL successfully initialized (OpenSSL 1.0.2m  2 Nov 2017)
16-Apr-2020 13:51:21.539 信息 [main] org.apache.coyote.AbstractProtocol.init Initializing ProtocolHandler ["http-apr-8080"]
16-Apr-2020 13:51:21.565 信息 [main] org.apache.coyote.AbstractProtocol.init Initializing ProtocolHandler ["ajp-apr-8009"]
16-Apr-2020 13:51:21.569 信息 [main] org.apache.catalina.startup.Catalina.load Initialization processed in 6244 ms
16-Apr-2020 13:51:21.842 信息 [main] org.apache.catalina.core.StandardService.startInternal Starting service Catalina
16-Apr-2020 13:51:21.847 信息 [main] org.apache.catalina.core.StandardEngine.startInternal Starting Servlet Engine: Apache Tomcat/8.0.50
16-Apr-2020 13:51:21.937 信息 [localhost-startStop-1] org.apache.catalina.startup.HostConfig.deployDirectory Deploying web application directory F:\java\lianxi\javawebtest\apache-tomcat-8.0.50\webapps\docs
16-Apr-2020 13:51:24.118 警告 [localhost-startStop-1] org.apache.catalina.util.SessionIdGeneratorBase.createSecureRandom Creation of SecureRandom instance for session ID generation using [SHA1PRNG] took [268] milliseconds.
16-Apr-2020 13:51:24.293 信息 [localhost-startStop-1] org.apache.catalina.startup.HostConfig.deployDirectory Deployment of web application directory F:\java\lianxi\javawebtest\apache-tomcat-8.0.50\webapps\docs has finished in 2,357 ms
16-Apr-2020 13:51:24.296 信息 [localhost-startStop-1] org.apache.catalina.startup.HostConfig.deployDirectory Deploying web application directory F:\java\lianxi\javawebtest\apache-tomcat-8.0.50\webapps\examples
16-Apr-2020 13:51:25.448 信息 [localhost-startStop-1] org.apache.catalina.startup.HostConfig.deployDirectory Deployment of web application directory F:\java\lianxi\javawebtest\apache-tomcat-8.0.50\webapps\examples has finished in 1,152 ms
16-Apr-2020 13:51:25.450 信息 [localhost-startStop-1] org.apache.catalina.startup.HostConfig.deployDirectory Deploying web application directory F:\java\lianxi\javawebtest\apache-tomcat-8.0.50\webapps\host-manager
16-Apr-2020 13:51:25.533 信息 [localhost-startStop-1] org.apache.catalina.startup.HostConfig.deployDirectory Deployment of web application directory F:\java\lianxi\javawebtest\apache-tomcat-8.0.50\webapps\host-manager has finished in 83 ms
16-Apr-2020 13:51:25.535 信息 [localhost-startStop-1] org.apache.catalina.startup.HostConfig.deployDirectory Deploying web application directory F:\java\lianxi\javawebtest\apache-tomcat-8.0.50\webapps\manager
16-Apr-2020 13:51:25.593 信息 [localhost-startStop-1] org.apache.catalina.startup.HostConfig.deployDirectory Deployment of web application directory F:\java\lianxi\javawebtest\apache-tomcat-8.0.50\webapps\manager has finished in 58 ms
16-Apr-2020 13:51:25.614 信息 [localhost-startStop-1] org.apache.catalina.startup.HostConfig.deployDirectory Deploying web application directory F:\java\lianxi\javawebtest\apache-tomcat-8.0.50\webapps\ROOT
16-Apr-2020 13:51:25.682 信息 [localhost-startStop-1] org.apache.catalina.startup.HostConfig.deployDirectory Deployment of web application directory F:\java\lianxi\javawebtest\apache-tomcat-8.0.50\webapps\ROOT has finished in 68 ms
16-Apr-2020 13:51:25.690 信息 [main] org.apache.coyote.AbstractProtocol.start Starting ProtocolHandler ["http-apr-8080"]
16-Apr-2020 13:51:25.727 信息 [main] org.apache.coyote.AbstractProtocol.start Starting ProtocolHandler ["ajp-apr-8009"]
16-Apr-2020 13:51:25.734 信息 [main] org.apache.catalina.startup.Catalina.start Server startup in 4162 ms
16-Apr-2020 14:03:12.118 信息 [main] org.apache.catalina.startup.VersionLoggerListener.log Server version:        Apache Tomcat/8.0.50
16-Apr-2020 14:03:12.126 信息 [main] org.apache.catalina.startup.VersionLoggerListener.log Server built:          Feb 7 2018 20:06:05 UTC
16-Apr-2020 14:03:12.129 信息 [main] org.apache.catalina.startup.VersionLoggerListener.log Server number:         8.0.50.0
16-Apr-2020 14:03:12.131 信息 [main] org.apache.catalina.startup.VersionLoggerListener.log OS Name:               Windows 7
16-Apr-2020 14:03:12.133 信息 [main] org.apache.catalina.startup.VersionLoggerListener.log OS Version:            6.1
16-Apr-2020 14:03:12.135 信息 [main] org.apache.catalina.startup.VersionLoggerListener.log Architecture:          amd64
16-Apr-2020 14:03:12.138 信息 [main] org.apache.catalina.startup.VersionLoggerListener.log Java Home:             C:\Java\jdk1.8.0_131\jre
16-Apr-2020 14:03:12.140 信息 [main] org.apache.catalina.startup.VersionLoggerListener.log JVM Version:           1.8.0_131-b11
16-Apr-2020 14:03:12.142 信息 [main] org.apache.catalina.startup.VersionLoggerListener.log JVM Vendor:            Oracle Corporation
16-Apr-2020 14:03:12.145 信息 [main] org.apache.catalina.startup.VersionLoggerListener.log CATALINA_BASE:         F:\java\lianxi\javawebtest\apache-tomcat-8.0.50
16-Apr-2020 14:03:12.147 信息 [main] org.apache.catalina.startup.VersionLoggerListener.log CATALINA_HOME:         F:\java\lianxi\javawebtest\apache-tomcat-8.0.50
16-Apr-2020 14:03:12.150 信息 [main] org.apache.catalina.startup.VersionLoggerListener.log Command line argument: -Djava.util.logging.config.file=F:\java\lianxi\javawebtest\apache-tomcat-8.0.50\conf\logging.properties
16-Apr-2020 14:03:12.153 信息 [main] org.apache.catalina.startup.VersionLoggerListener.log Command line argument: -Djava.util.logging.manager=org.apache.juli.ClassLoaderLogManager
16-Apr-2020 14:03:12.156 信息 [main] org.apache.catalina.startup.VersionLoggerListener.log Command line argument: -Djdk.tls.ephemeralDHKeySize=2048
16-Apr-2020 14:03:12.159 信息 [main] org.apache.catalina.startup.VersionLoggerListener.log Command line argument: -Djava.protocol.handler.pkgs=org.apache.catalina.webresources
16-Apr-2020 14:03:12.161 信息 [main] org.apache.catalina.startup.VersionLoggerListener.log Command line argument: -Dignore.endorsed.dirs=
16-Apr-2020 14:03:12.164 信息 [main] org.apache.catalina.startup.VersionLoggerListener.log Command line argument: -Dcatalina.base=F:\java\lianxi\javawebtest\apache-tomcat-8.0.50
16-Apr-2020 14:03:12.167 信息 [main] org.apache.catalina.startup.VersionLoggerListener.log Command line argument: -Dcatalina.home=F:\java\lianxi\javawebtest\apache-tomcat-8.0.50
16-Apr-2020 14:03:12.170 信息 [main] org.apache.catalina.startup.VersionLoggerListener.log Command line argument: -Djava.io.tmpdir=F:\java\lianxi\javawebtest\apache-tomcat-8.0.50\temp
16-Apr-2020 14:03:12.173 信息 [main] org.apache.catalina.core.AprLifecycleListener.lifecycleEvent Loaded APR based Apache Tomcat Native library 1.2.16 using APR version 1.6.3.
16-Apr-2020 14:03:12.176 信息 [main] org.apache.catalina.core.AprLifecycleListener.lifecycleEvent APR capabilities: IPv6 [true], sendfile [true], accept filters [false], random [true].
16-Apr-2020 14:03:13.138 信息 [main] org.apache.catalina.core.AprLifecycleListener.initializeSSL OpenSSL successfully initialized (OpenSSL 1.0.2m  2 Nov 2017)
16-Apr-2020 14:03:13.347 信息 [main] org.apache.coyote.AbstractProtocol.init Initializing ProtocolHandler ["http-apr-8080"]
16-Apr-2020 14:03:13.369 信息 [main] org.apache.coyote.AbstractProtocol.init Initializing ProtocolHandler ["ajp-apr-8009"]
16-Apr-2020 14:03:13.374 信息 [main] org.apache.catalina.startup.Catalina.load Initialization processed in 1878 ms
16-Apr-2020 14:03:13.421 信息 [main] org.apache.catalina.core.StandardService.startInternal Starting service Catalina
16-Apr-2020 14:03:13.424 信息 [main] org.apache.catalina.core.StandardEngine.startInternal Starting Servlet Engine: Apache Tomcat/8.0.50
16-Apr-2020 14:03:13.443 信息 [localhost-startStop-1] org.apache.catalina.startup.HostConfig.deployDirectory Deploying web application directory F:\java\lianxi\javawebtest\apache-tomcat-8.0.50\webapps\docs
16-Apr-2020 14:03:14.210 警告 [localhost-startStop-1] org.apache.catalina.util.SessionIdGeneratorBase.createSecureRandom Creation of SecureRandom instance for session ID generation using [SHA1PRNG] took [122] milliseconds.
16-Apr-2020 14:03:14.248 信息 [localhost-startStop-1] org.apache.catalina.startup.HostConfig.deployDirectory Deployment of web application directory F:\java\lianxi\javawebtest\apache-tomcat-8.0.50\webapps\docs has finished in 805 ms
16-Apr-2020 14:03:14.251 信息 [localhost-startStop-1] org.apache.catalina.startup.HostConfig.deployDirectory Deploying web application directory F:\java\lianxi\javawebtest\apache-tomcat-8.0.50\webapps\examples
16-Apr-2020 14:03:14.991 信息 [localhost-startStop-1] org.apache.catalina.startup.HostConfig.deployDirectory Deployment of web application directory F:\java\lianxi\javawebtest\apache-tomcat-8.0.50\webapps\examples has finished in 740 ms
16-Apr-2020 14:03:14.995 信息 [localhost-startStop-1] org.apache.catalina.startup.HostConfig.deployDirectory Deploying web application directory F:\java\lianxi\javawebtest\apache-tomcat-8.0.50\webapps\host-manager
16-Apr-2020 14:03:15.063 信息 [localhost-startStop-1] org.apache.catalina.startup.HostConfig.deployDirectory Deployment of web application directory F:\java\lianxi\javawebtest\apache-tomcat-8.0.50\webapps\host-manager has finished in 68 ms
16-Apr-2020 14:03:15.066 信息 [localhost-startStop-1] org.apache.catalina.startup.HostConfig.deployDirectory Deploying web application directory F:\java\lianxi\javawebtest\apache-tomcat-8.0.50\webapps\manager
16-Apr-2020 14:03:15.126 信息 [localhost-startStop-1] org.apache.catalina.startup.HostConfig.deployDirectory Deployment of web application directory F:\java\lianxi\javawebtest\apache-tomcat-8.0.50\webapps\manager has finished in 60 ms
16-Apr-2020 14:03:15.131 信息 [localhost-startStop-1] org.apache.catalina.startup.HostConfig.deployDirectory Deploying web application directory F:\java\lianxi\javawebtest\apache-tomcat-8.0.50\webapps\ROOT
16-Apr-2020 14:03:15.174 信息 [localhost-startStop-1] org.apache.catalina.startup.HostConfig.deployDirectory Deployment of web application directory F:\java\lianxi\javawebtest\apache-tomcat-8.0.50\webapps\ROOT has finished in 42 ms
16-Apr-2020 14:03:15.182 信息 [main] org.apache.coyote.AbstractProtocol.start Starting ProtocolHandler ["http-apr-8080"]
16-Apr-2020 14:03:15.203 信息 [main] org.apache.coyote.AbstractProtocol.start Starting ProtocolHandler ["ajp-apr-8009"]
16-Apr-2020 14:03:15.210 信息 [main] org.apache.catalina.startup.Catalina.start Server startup in 1834 ms
16-Apr-2020 14:06:00.643 信息 [main] org.apache.catalina.core.StandardServer.await A valid shutdown command was received via the shutdown port. Stopping the Server instance.
16-Apr-2020 14:06:00.649 信息 [main] org.apache.coyote.AbstractProtocol.pause Pausing ProtocolHandler ["http-apr-8080"]
16-Apr-2020 14:06:00.720 信息 [main] org.apache.coyote.AbstractProtocol.pause Pausing ProtocolHandler ["ajp-apr-8009"]
16-Apr-2020 14:06:00.777 信息 [main] org.apache.catalina.core.StandardService.stopInternal Stopping service Catalina
16-Apr-2020 14:06:00.858 信息 [main] org.apache.coyote.AbstractProtocol.stop Stopping ProtocolHandler ["http-apr-8080"]
16-Apr-2020 14:06:00.912 信息 [main] org.apache.coyote.AbstractProtocol.stop Stopping ProtocolHandler ["ajp-apr-8009"]
16-Apr-2020 14:06:00.970 信息 [main] org.apache.coyote.AbstractProtocol.destroy Destroying ProtocolHandler ["http-apr-8080"]
16-Apr-2020 14:06:00.975 信息 [main] org.apache.coyote.AbstractProtocol.destroy Destroying ProtocolHandler ["ajp-apr-8009"]
16-Apr-2020 14:44:59.204 信息 [main] org.apache.catalina.startup.VersionLoggerListener.log Server version:        Apache Tomcat/8.0.50
16-Apr-2020 14:44:59.210 信息 [main] org.apache.catalina.startup.VersionLoggerListener.log Server built:          Feb 7 2018 20:06:05 UTC
16-Apr-2020 14:44:59.212 信息 [main] org.apache.catalina.startup.VersionLoggerListener.log Server number:         8.0.50.0
16-Apr-2020 14:44:59.214 信息 [main] org.apache.catalina.startup.VersionLoggerListener.log OS Name:               Windows 7
16-Apr-2020 14:44:59.216 信息 [main] org.apache.catalina.startup.VersionLoggerListener.log OS Version:            6.1
16-Apr-2020 14:44:59.218 信息 [main] org.apache.catalina.startup.VersionLoggerListener.log Architecture:          amd64
16-Apr-2020 14:44:59.220 信息 [main] org.apache.catalina.startup.VersionLoggerListener.log Java Home:             C:\Java\jdk1.8.0_131\jre
16-Apr-2020 14:44:59.222 信息 [main] org.apache.catalina.startup.VersionLoggerListener.log JVM Version:           1.8.0_131-b11
16-Apr-2020 14:44:59.224 信息 [main] org.apache.catalina.startup.VersionLoggerListener.log JVM Vendor:            Oracle Corporation
16-Apr-2020 14:44:59.226 信息 [main] org.apache.catalina.startup.VersionLoggerListener.log CATALINA_BASE:         F:\java\lianxi\javawebtest\apache-tomcat-8.0.50
16-Apr-2020 14:44:59.228 信息 [main] org.apache.catalina.startup.VersionLoggerListener.log CATALINA_HOME:         F:\java\lianxi\javawebtest\apache-tomcat-8.0.50
16-Apr-2020 14:44:59.231 信息 [main] org.apache.catalina.startup.VersionLoggerListener.log Command line argument: -Djava.util.logging.config.file=F:\java\lianxi\javawebtest\apache-tomcat-8.0.50\conf\logging.properties
16-Apr-2020 14:44:59.233 信息 [main] org.apache.catalina.startup.VersionLoggerListener.log Command line argument: -Djava.util.logging.manager=org.apache.juli.ClassLoaderLogManager
16-Apr-2020 14:44:59.235 信息 [main] org.apache.catalina.startup.VersionLoggerListener.log Command line argument: -Djdk.tls.ephemeralDHKeySize=2048
16-Apr-2020 14:44:59.237 信息 [main] org.apache.catalina.startup.VersionLoggerListener.log Command line argument: -Djava.protocol.handler.pkgs=org.apache.catalina.webresources
16-Apr-2020 14:44:59.239 信息 [main] org.apache.catalina.startup.VersionLoggerListener.log Command line argument: -Dignore.endorsed.dirs=
16-Apr-2020 14:44:59.241 信息 [main] org.apache.catalina.startup.VersionLoggerListener.log Command line argument: -Dcatalina.base=F:\java\lianxi\javawebtest\apache-tomcat-8.0.50
16-Apr-2020 14:44:59.243 信息 [main] org.apache.catalina.startup.VersionLoggerListener.log Command line argument: -Dcatalina.home=F:\java\lianxi\javawebtest\apache-tomcat-8.0.50
16-Apr-2020 14:44:59.245 信息 [main] org.apache.catalina.startup.VersionLoggerListener.log Command line argument: -Djava.io.tmpdir=F:\java\lianxi\javawebtest\apache-tomcat-8.0.50\temp
16-Apr-2020 14:44:59.248 信息 [main] org.apache.catalina.core.AprLifecycleListener.lifecycleEvent Loaded APR based Apache Tomcat Native library 1.2.16 using APR version 1.6.3.
16-Apr-2020 14:44:59.250 信息 [main] org.apache.catalina.core.AprLifecycleListener.lifecycleEvent APR capabilities: IPv6 [true], sendfile [true], accept filters [false], random [true].
16-Apr-2020 14:45:00.209 信息 [main] org.apache.catalina.core.AprLifecycleListener.initializeSSL OpenSSL successfully initialized (OpenSSL 1.0.2m  2 Nov 2017)
16-Apr-2020 14:45:00.534 信息 [main] org.apache.coyote.AbstractProtocol.init Initializing ProtocolHandler ["http-apr-8080"]
16-Apr-2020 14:45:00.554 信息 [main] org.apache.coyote.AbstractProtocol.init Initializing ProtocolHandler ["ajp-apr-8009"]
16-Apr-2020 14:45:00.558 信息 [main] org.apache.catalina.startup.Catalina.load Initialization processed in 1967 ms
16-Apr-2020 14:45:00.614 信息 [main] org.apache.catalina.core.StandardService.startInternal Starting service Catalina
16-Apr-2020 14:45:00.618 信息 [main] org.apache.catalina.core.StandardEngine.startInternal Starting Servlet Engine: Apache Tomcat/8.0.50
16-Apr-2020 14:45:00.643 信息 [localhost-startStop-1] org.apache.catalina.startup.HostConfig.deployDirectory Deploying web application directory F:\java\lianxi\javawebtest\apache-tomcat-8.0.50\webapps\book
16-Apr-2020 14:45:01.329 警告 [localhost-startStop-1] org.apache.catalina.util.SessionIdGeneratorBase.createSecureRandom Creation of SecureRandom instance for session ID generation using [SHA1PRNG] took [132] milliseconds.
16-Apr-2020 14:45:01.361 信息 [localhost-startStop-1] org.apache.catalina.startup.HostConfig.deployDirectory Deployment of web application directory F:\java\lianxi\javawebtest\apache-tomcat-8.0.50\webapps\book has finished in 718 ms
16-Apr-2020 14:45:01.369 信息 [localhost-startStop-1] org.apache.catalina.startup.HostConfig.deployDirectory Deploying web application directory F:\java\lianxi\javawebtest\apache-tomcat-8.0.50\webapps\docs
16-Apr-2020 14:45:01.454 信息 [localhost-startStop-1] org.apache.catalina.startup.HostConfig.deployDirectory Deployment of web application directory F:\java\lianxi\javawebtest\apache-tomcat-8.0.50\webapps\docs has finished in 84 ms
16-Apr-2020 14:45:01.458 信息 [localhost-startStop-1] org.apache.catalina.startup.HostConfig.deployDirectory Deploying web application directory F:\java\lianxi\javawebtest\apache-tomcat-8.0.50\webapps\examples
16-Apr-2020 14:45:02.479 信息 [localhost-startStop-1] org.apache.catalina.startup.HostConfig.deployDirectory Deployment of web application directory F:\java\lianxi\javawebtest\apache-tomcat-8.0.50\webapps\examples has finished in 1,021 ms
16-Apr-2020 14:45:02.481 信息 [localhost-startStop-1] org.apache.catalina.startup.HostConfig.deployDirectory Deploying web application directory F:\java\lianxi\javawebtest\apache-tomcat-8.0.50\webapps\host-manager
16-Apr-2020 14:45:02.554 信息 [localhost-startStop-1] org.apache.catalina.startup.HostConfig.deployDirectory Deployment of web application directory F:\java\lianxi\javawebtest\apache-tomcat-8.0.50\webapps\host-manager has finished in 73 ms
16-Apr-2020 14:45:02.556 信息 [localhost-startStop-1] org.apache.catalina.startup.HostConfig.deployDirectory Deploying web application directory F:\java\lianxi\javawebtest\apache-tomcat-8.0.50\webapps\manager
16-Apr-2020 14:45:02.626 信息 [localhost-startStop-1] org.apache.catalina.startup.HostConfig.deployDirectory Deployment of web application directory F:\java\lianxi\javawebtest\apache-tomcat-8.0.50\webapps\manager has finished in 70 ms
16-Apr-2020 14:45:02.629 信息 [localhost-startStop-1] org.apache.catalina.startup.HostConfig.deployDirectory Deploying web application directory F:\java\lianxi\javawebtest\apache-tomcat-8.0.50\webapps\ROOT
16-Apr-2020 14:45:02.686 信息 [localhost-startStop-1] org.apache.catalina.startup.HostConfig.deployDirectory Deployment of web application directory F:\java\lianxi\javawebtest\apache-tomcat-8.0.50\webapps\ROOT has finished in 57 ms
16-Apr-2020 14:45:02.694 信息 [main] org.apache.coyote.AbstractProtocol.start Starting ProtocolHandler ["http-apr-8080"]
16-Apr-2020 14:45:02.711 信息 [main] org.apache.coyote.AbstractProtocol.start Starting ProtocolHandler ["ajp-apr-8009"]
16-Apr-2020 14:45:02.718 信息 [main] org.apache.catalina.startup.Catalina.start Server startup in 2157 ms
